TN:
SF:src/controllers/controller.js
FN:5,(anonymous_0)
FN:21,(anonymous_1)
FN:36,(anonymous_2)
FN:45,(anonymous_3)
FN:54,(anonymous_4)
FN:70,(anonymous_5)
FNF:6
FNH:6
FNDA:3,(anonymous_0)
FNDA:3,(anonymous_1)
FNDA:3,(anonymous_2)
FNDA:2,(anonymous_3)
FNDA:3,(anonymous_4)
FNDA:2,(anonymous_5)
DA:1,1
DA:2,1
DA:5,1
DA:6,3
DA:7,3
DA:8,2
DA:9,1
DA:11,1
DA:13,2
DA:14,2
DA:15,1
DA:17,1
DA:21,1
DA:22,3
DA:23,3
DA:24,2
DA:25,1
DA:27,1
DA:29,2
DA:30,1
DA:32,1
DA:36,1
DA:37,3
DA:38,3
DA:39,1
DA:41,2
DA:45,1
DA:46,2
DA:47,2
DA:48,1
DA:50,1
DA:54,1
DA:55,3
DA:56,3
DA:57,2
DA:58,1
DA:60,1
DA:62,2
DA:63,1
DA:65,1
DA:70,1
DA:71,2
DA:72,2
DA:73,2
DA:74,1
DA:76,1
DA:78,1
DA:79,1
DA:81,0
DA:86,1
LF:50
LH:49
BRDA:8,0,0,1
BRDA:8,0,1,1
BRDA:14,1,0,1
BRDA:14,1,1,1
BRDA:24,2,0,1
BRDA:24,2,1,1
BRDA:29,3,0,1
BRDA:29,3,1,1
BRDA:57,4,0,1
BRDA:57,4,1,1
BRDA:62,5,0,1
BRDA:62,5,1,1
BRDA:73,6,0,1
BRDA:73,6,1,1
BRDA:78,7,0,1
BRDA:78,7,1,0
BRF:16
BRH:15
end_of_record
TN:
SF:src/database/models/index.js
FN:21,(anonymous_0)
FN:29,(anonymous_1)
FN:34,(anonymous_2)
FNF:3
FNH:3
FNDA:2,(anonymous_0)
FNDA:1,(anonymous_1)
FNDA:1,(anonymous_2)
DA:3,1
DA:4,1
DA:5,1
DA:6,1
DA:7,1
DA:8,1
DA:9,1
DA:10,1
DA:13,1
DA:14,0
DA:16,1
DA:19,1
DA:22,2
DA:30,1
DA:31,1
DA:34,1
DA:35,1
DA:36,1
DA:40,1
DA:41,1
DA:43,1
LF:21
LH:20
BRDA:8,0,0,1
BRDA:8,0,1,0
BRDA:13,1,0,0
BRDA:13,1,1,1
BRDA:23,2,0,2
BRDA:23,2,1,2
BRDA:23,2,2,1
BRDA:23,2,3,1
BRDA:35,3,0,1
BRDA:35,3,1,0
BRF:10
BRH:7
end_of_record
TN:
SF:src/database/models/tasks.js
FN:5,(anonymous_0)
FN:12,(anonymous_1)
FNF:2
FNH:2
FNDA:1,(anonymous_0)
FNDA:1,(anonymous_1)
DA:4,1
DA:5,1
DA:16,1
DA:23,1
LF:4
LH:4
BRF:0
BRH:0
end_of_record
TN:
SF:src/services/service.js
FN:3,(anonymous_0)
FN:8,(anonymous_1)
FN:15,(anonymous_2)
FN:19,(anonymous_3)
FN:33,(anonymous_4)
FN:45,(anonymous_5)
FNF:6
FNH:0
FNDA:0,(anonymous_0)
FNDA:0,(anonymous_1)
FNDA:0,(anonymous_2)
FNDA:0,(anonymous_3)
FNDA:0,(anonymous_4)
FNDA:0,(anonymous_5)
DA:1,1
DA:3,1
DA:4,0
DA:5,0
DA:8,1
DA:9,0
DA:12,0
DA:15,1
DA:16,0
DA:19,1
DA:20,0
DA:23,0
DA:26,0
DA:30,0
DA:33,1
DA:34,0
DA:37,0
DA:40,0
DA:42,0
DA:45,1
DA:46,0
DA:49,0
DA:50,0
DA:53,0
DA:55,0
DA:59,1
LF:26
LH:8
BRDA:20,0,0,0
BRDA:20,0,1,0
BRDA:34,1,0,0
BRDA:34,1,1,0
BRDA:49,2,0,0
BRDA:49,2,1,0
BRF:6
BRH:0
end_of_record
TN:
SF:tests/httpError.js
FN:2,(anonymous_0)
FNF:1
FNH:1
FNDA:4,(anonymous_0)
DA:3,4
DA:4,4
DA:5,4
DA:8,1
LF:4
LH:4
BRF:0
BRH:0
end_of_record
